[ERROR - 2018-08-22T12:36:38.910Z] WebElementLocator - _handleLocateCommand - Element(s) NOT Found: GAVE UP. Search Stop Time: 1534941398861
[ERROR - 2018-08-24T19:52:29.597Z] Session [376010d0-a7d7-11e8-9ec2-21a463be0f11] - page.onError - msg: TypeError: undefined is not an object (evaluating 'F.length')
[ERROR - 2018-08-24T19:52:29.597Z] Session [376010d0-a7d7-11e8-9ec2-21a463be0f11] - page.onError - stack:
  initiateGroups (https://patentscope.wipo.int/search/org.richfaces.resources/javax.faces.resource/org.richfaces.staticResource/4.5.5.Final/PackedCompressed/packed/packed.js;jsessionid=755AC6898FF779EFA532FEDCFA43E6F5.wapp2nC:10370)
[ERROR - 2018-08-24T19:52:29.602Z] Session [376010d0-a7d7-11e8-9ec2-21a463be0f11] - page.onError - msg: TypeError: undefined is not an object (evaluating 'F.length')
[ERROR - 2018-08-24T19:52:29.602Z] Session [376010d0-a7d7-11e8-9ec2-21a463be0f11] - page.onError - stack:
  initiateGroups (https://patentscope.wipo.int/search/org.richfaces.resources/javax.faces.resource/org.richfaces.staticResource/4.5.5.Final/PackedCompressed/packed/packed.js;jsessionid=755AC6898FF779EFA532FEDCFA43E6F5.wapp2nC:10370)
[ERROR - 2018-08-24T19:52:29.605Z] Session [376010d0-a7d7-11e8-9ec2-21a463be0f11] - page.onError - msg: TypeError: undefined is not an object (evaluating 'F.length')
[ERROR - 2018-08-24T19:52:29.605Z] Session [376010d0-a7d7-11e8-9ec2-21a463be0f11] - page.onError - stack:
  initiateGroups (https://patentscope.wipo.int/search/org.richfaces.resources/javax.faces.resource/org.richfaces.staticResource/4.5.5.Final/PackedCompressed/packed/packed.js;jsessionid=755AC6898FF779EFA532FEDCFA43E6F5.wapp2nC:10370)
[ERROR - 2018-08-24T19:52:29.611Z] Session [376010d0-a7d7-11e8-9ec2-21a463be0f11] - page.onError - msg: TypeError: undefined is not an object (evaluating 'F.length')
[ERROR - 2018-08-24T19:52:29.611Z] Session [376010d0-a7d7-11e8-9ec2-21a463be0f11] - page.onError - stack:
  initiateGroups (https://patentscope.wipo.int/search/org.richfaces.resources/javax.faces.resource/org.richfaces.staticResource/4.5.5.Final/PackedCompressed/packed/packed.js;jsessionid=755AC6898FF779EFA532FEDCFA43E6F5.wapp2nC:10370)
[ERROR - 2018-08-24T19:52:29.613Z] Session [376010d0-a7d7-11e8-9ec2-21a463be0f11] - page.onError - msg: TypeError: undefined is not an object (evaluating 'F.length')
[ERROR - 2018-08-24T19:52:29.613Z] Session [376010d0-a7d7-11e8-9ec2-21a463be0f11] - page.onError - stack:
  initiateGroups (https://patentscope.wipo.int/search/org.richfaces.resources/javax.faces.resource/org.richfaces.staticResource/4.5.5.Final/PackedCompressed/packed/packed.js;jsessionid=755AC6898FF779EFA532FEDCFA43E6F5.wapp2nC:10370)
[ERROR - 2018-08-24T19:52:29.624Z] Session [376010d0-a7d7-11e8-9ec2-21a463be0f11] - page.onError - msg: TypeError: 7 is not a function (evaluating '7')
[ERROR - 2018-08-24T19:52:29.624Z] Session [376010d0-a7d7-11e8-9ec2-21a463be0f11] - page.onError - stack:
  global code (https://patentscope.wipo.int/search/scripts/base64.js:8)
[ERROR - 2018-08-24T19:52:37.131Z] Session [376010d0-a7d7-11e8-9ec2-21a463be0f11] - page.onError - msg: TypeError: undefined is not a function (evaluating 'query.fmt()')
[ERROR - 2018-08-24T19:52:37.131Z] Session [376010d0-a7d7-11e8-9ec2-21a463be0f11] - page.onError - stack:
  parseUserInput (https://patentscope.wipo.int/search/resources/js/lib/luceneValidator.js:1620)
  luceneAssistant (https://patentscope.wipo.int/search/resources/js/lib/luceneValidator.js:1666)
  (anonymous function) (https://patentscope.wipo.int/search/resources/js/app/main.js:50)
  dispatch (https://patentscope.wipo.int/search/org.richfaces.resources/javax.faces.resource/org.richfaces.staticResource/4.5.5.Final/PackedCompressed/org.richfaces/jquery.js:1197)
  handle (https://patentscope.wipo.int/search/org.richfaces.resources/javax.faces.resource/org.richfaces.staticResource/4.5.5.Final/PackedCompressed/org.richfaces/jquery.js:1102)
  sendEvent (:0)
  _keyEvent (phantomjs://code/inputs.js:325)
  _pressKey (phantomjs://code/inputs.js:280)
  _sendKeys (phantomjs://code/inputs.js:231)
  _postValueCommand (phantomjs://code/webelement_request_handler.js:288)
  _handle (phantomjs://code/webelement_request_handler.js:72)
  _reroute (phantomjs://code/request_handler.js:61)
  _handle (phantomjs://code/session_request_handler.js:120)
  _reroute (phantomjs://code/request_handler.js:61)
  _handle (phantomjs://code/router_request_handler.js:78)
[ERROR - 2018-08-24T19:52:37.133Z] Session [376010d0-a7d7-11e8-9ec2-21a463be0f11] - page.onError - msg: TypeError: undefined is not a function (evaluating 'query.fmt()')
[ERROR - 2018-08-24T19:52:37.133Z] Session [376010d0-a7d7-11e8-9ec2-21a463be0f11] - page.onError - stack:
  parseUserInput (https://patentscope.wipo.int/search/resources/js/lib/luceneValidator.js:1620)
  luceneAssistant (https://patentscope.wipo.int/search/resources/js/lib/luceneValidator.js:1666)
  (anonymous function) (https://patentscope.wipo.int/search/resources/js/app/main.js:50)
  dispatch (https://patentscope.wipo.int/search/org.richfaces.resources/javax.faces.resource/org.richfaces.staticResource/4.5.5.Final/PackedCompressed/org.richfaces/jquery.js:1197)
  handle (https://patentscope.wipo.int/search/org.richfaces.resources/javax.faces.resource/org.richfaces.staticResource/4.5.5.Final/PackedCompressed/org.richfaces/jquery.js:1102)
  sendEvent (:0)
  _keyEvent (phantomjs://code/inputs.js:325)
  _pressKey (phantomjs://code/inputs.js:280)
  _sendKeys (phantomjs://code/inputs.js:231)
  _postValueCommand (phantomjs://code/webelement_request_handler.js:288)
  _handle (phantomjs://code/webelement_request_handler.js:72)
  _reroute (phantomjs://code/request_handler.js:61)
  _handle (phantomjs://code/session_request_handler.js:120)
  _reroute (phantomjs://code/request_handler.js:61)
  _handle (phantomjs://code/router_request_handler.js:78)
[ERROR - 2018-08-24T19:52:37.135Z] Session [376010d0-a7d7-11e8-9ec2-21a463be0f11] - page.onError - msg: TypeError: undefined is not a function (evaluating 'query.fmt()')
[ERROR - 2018-08-24T19:52:37.135Z] Session [376010d0-a7d7-11e8-9ec2-21a463be0f11] - page.onError - stack:
  parseUserInput (https://patentscope.wipo.int/search/resources/js/lib/luceneValidator.js:1620)
  luceneAssistant (https://patentscope.wipo.int/search/resources/js/lib/luceneValidator.js:1666)
  (anonymous function) (https://patentscope.wipo.int/search/resources/js/app/main.js:50)
  dispatch (https://patentscope.wipo.int/search/org.richfaces.resources/javax.faces.resource/org.richfaces.staticResource/4.5.5.Final/PackedCompressed/org.richfaces/jquery.js:1197)
  handle (https://patentscope.wipo.int/search/org.richfaces.resources/javax.faces.resource/org.richfaces.staticResource/4.5.5.Final/PackedCompressed/org.richfaces/jquery.js:1102)
  sendEvent (:0)
  _keyEvent (phantomjs://code/inputs.js:325)
  _pressKey (phantomjs://code/inputs.js:280)
  _sendKeys (phantomjs://code/inputs.js:231)
  _postValueCommand (phantomjs://code/webelement_request_handler.js:288)
  _handle (phantomjs://code/webelement_request_handler.js:72)
  _reroute (phantomjs://code/request_handler.js:61)
  _handle (phantomjs://code/session_request_handler.js:120)
  _reroute (phantomjs://code/request_handler.js:61)
  _handle (phantomjs://code/router_request_handler.js:78)
[ERROR - 2018-08-24T19:52:37.139Z] Session [376010d0-a7d7-11e8-9ec2-21a463be0f11] - page.onError - msg: TypeError: undefined is not a function (evaluating 'query.fmt()')
[ERROR - 2018-08-24T19:52:37.139Z] Session [376010d0-a7d7-11e8-9ec2-21a463be0f11] - page.onError - stack:
  parseUserInput (https://patentscope.wipo.int/search/resources/js/lib/luceneValidator.js:1620)
  luceneAssistant (https://patentscope.wipo.int/search/resources/js/lib/luceneValidator.js:1666)
  (anonymous function) (https://patentscope.wipo.int/search/resources/js/app/main.js:50)
  dispatch (https://patentscope.wipo.int/search/org.richfaces.resources/javax.faces.resource/org.richfaces.staticResource/4.5.5.Final/PackedCompressed/org.richfaces/jquery.js:1197)
  handle (https://patentscope.wipo.int/search/org.richfaces.resources/javax.faces.resource/org.richfaces.staticResource/4.5.5.Final/PackedCompressed/org.richfaces/jquery.js:1102)
  sendEvent (:0)
  _keyEvent (phantomjs://code/inputs.js:325)
  _pressKey (phantomjs://code/inputs.js:280)
  _sendKeys (phantomjs://code/inputs.js:231)
  _postValueCommand (phantomjs://code/webelement_request_handler.js:288)
  _handle (phantomjs://code/webelement_request_handler.js:72)
  _reroute (phantomjs://code/request_handler.js:61)
  _handle (phantomjs://code/session_request_handler.js:120)
  _reroute (phantomjs://code/request_handler.js:61)
  _handle (phantomjs://code/router_request_handler.js:78)
[ERROR - 2018-08-24T19:52:37.142Z] Session [376010d0-a7d7-11e8-9ec2-21a463be0f11] - page.onError - msg: TypeError: undefined is not a function (evaluating 'query.fmt()')
[ERROR - 2018-08-24T19:52:37.142Z] Session [376010d0-a7d7-11e8-9ec2-21a463be0f11] - page.onError - stack:
  parseUserInput (https://patentscope.wipo.int/search/resources/js/lib/luceneValidator.js:1620)
  luceneAssistant (https://patentscope.wipo.int/search/resources/js/lib/luceneValidator.js:1666)
  (anonymous function) (https://patentscope.wipo.int/search/resources/js/app/main.js:50)
  dispatch (https://patentscope.wipo.int/search/org.richfaces.resources/javax.faces.resource/org.richfaces.staticResource/4.5.5.Final/PackedCompressed/org.richfaces/jquery.js:1197)
  handle (https://patentscope.wipo.int/search/org.richfaces.resources/javax.faces.resource/org.richfaces.staticResource/4.5.5.Final/PackedCompressed/org.richfaces/jquery.js:1102)
  sendEvent (:0)
  _keyEvent (phantomjs://code/inputs.js:325)
  _pressKey (phantomjs://code/inputs.js:280)
  _sendKeys (phantomjs://code/inputs.js:231)
  _postValueCommand (phantomjs://code/webelement_request_handler.js:288)
  _handle (phantomjs://code/webelement_request_handler.js:72)
  _reroute (phantomjs://code/request_handler.js:61)
  _handle (phantomjs://code/session_request_handler.js:120)
  _reroute (phantomjs://code/request_handler.js:61)
  _handle (phantomjs://code/router_request_handler.js:78)
[ERROR - 2018-08-24T19:52:37.144Z] Session [376010d0-a7d7-11e8-9ec2-21a463be0f11] - page.onError - msg: TypeError: undefined is not a function (evaluating 'query.fmt()')
[ERROR - 2018-08-24T19:52:37.145Z] Session [376010d0-a7d7-11e8-9ec2-21a463be0f11] - page.onError - stack:
  parseUserInput (https://patentscope.wipo.int/search/resources/js/lib/luceneValidator.js:1620)
  luceneAssistant (https://patentscope.wipo.int/search/resources/js/lib/luceneValidator.js:1666)
  (anonymous function) (https://patentscope.wipo.int/search/resources/js/app/main.js:50)
  dispatch (https://patentscope.wipo.int/search/org.richfaces.resources/javax.faces.resource/org.richfaces.staticResource/4.5.5.Final/PackedCompressed/org.richfaces/jquery.js:1197)
  handle (https://patentscope.wipo.int/search/org.richfaces.resources/javax.faces.resource/org.richfaces.staticResource/4.5.5.Final/PackedCompressed/org.richfaces/jquery.js:1102)
  sendEvent (:0)
  _keyEvent (phantomjs://code/inputs.js:325)
  _pressKey (phantomjs://code/inputs.js:280)
  _sendKeys (phantomjs://code/inputs.js:231)
  _postValueCommand (phantomjs://code/webelement_request_handler.js:288)
  _handle (phantomjs://code/webelement_request_handler.js:72)
  _reroute (phantomjs://code/request_handler.js:61)
  _handle (phantomjs://code/session_request_handler.js:120)
  _reroute (phantomjs://code/request_handler.js:61)
  _handle (phantomjs://code/router_request_handler.js:78)
[ERROR - 2018-08-24T19:52:37.147Z] Session [376010d0-a7d7-11e8-9ec2-21a463be0f11] - page.onError - msg: TypeError: undefined is not a function (evaluating 'query.fmt()')
[ERROR - 2018-08-24T19:52:37.148Z] Session [376010d0-a7d7-11e8-9ec2-21a463be0f11] - page.onError - stack:
  parseUserInput (https://patentscope.wipo.int/search/resources/js/lib/luceneValidator.js:1620)
  luceneAssistant (https://patentscope.wipo.int/search/resources/js/lib/luceneValidator.js:1666)
  (anonymous function) (https://patentscope.wipo.int/search/resources/js/app/main.js:50)
  dispatch (https://patentscope.wipo.int/search/org.richfaces.resources/javax.faces.resource/org.richfaces.staticResource/4.5.5.Final/PackedCompressed/org.richfaces/jquery.js:1197)
  handle (https://patentscope.wipo.int/search/org.richfaces.resources/javax.faces.resource/org.richfaces.staticResource/4.5.5.Final/PackedCompressed/org.richfaces/jquery.js:1102)
  sendEvent (:0)
  _keyEvent (phantomjs://code/inputs.js:325)
  _pressKey (phantomjs://code/inputs.js:280)
  _sendKeys (phantomjs://code/inputs.js:231)
  _postValueCommand (phantomjs://code/webelement_request_handler.js:288)
  _handle (phantomjs://code/webelement_request_handler.js:72)
  _reroute (phantomjs://code/request_handler.js:61)
  _handle (phantomjs://code/session_request_handler.js:120)
  _reroute (phantomjs://code/request_handler.js:61)
  _handle (phantomjs://code/router_request_handler.js:78)
[ERROR - 2018-08-24T19:52:37.151Z] Session [376010d0-a7d7-11e8-9ec2-21a463be0f11] - page.onError - msg: TypeError: undefined is not a function (evaluating 'query.fmt()')
[ERROR - 2018-08-24T19:52:37.152Z] Session [376010d0-a7d7-11e8-9ec2-21a463be0f11] - page.onError - stack:
  parseUserInput (https://patentscope.wipo.int/search/resources/js/lib/luceneValidator.js:1620)
  luceneAssistant (https://patentscope.wipo.int/search/resources/js/lib/luceneValidator.js:1666)
  (anonymous function) (https://patentscope.wipo.int/search/resources/js/app/main.js:50)
  dispatch (https://patentscope.wipo.int/search/org.richfaces.resources/javax.faces.resource/org.richfaces.staticResource/4.5.5.Final/PackedCompressed/org.richfaces/jquery.js:1197)
  handle (https://patentscope.wipo.int/search/org.richfaces.resources/javax.faces.resource/org.richfaces.staticResource/4.5.5.Final/PackedCompressed/org.richfaces/jquery.js:1102)
  sendEvent (:0)
  _keyEvent (phantomjs://code/inputs.js:325)
  _pressKey (phantomjs://code/inputs.js:280)
  _sendKeys (phantomjs://code/inputs.js:231)
  _postValueCommand (phantomjs://code/webelement_request_handler.js:288)
  _handle (phantomjs://code/webelement_request_handler.js:72)
  _reroute (phantomjs://code/request_handler.js:61)
  _handle (phantomjs://code/session_request_handler.js:120)
  _reroute (phantomjs://code/request_handler.js:61)
  _handle (phantomjs://code/router_request_handler.js:78)
[ERROR - 2018-08-24T19:52:37.153Z] Session [376010d0-a7d7-11e8-9ec2-21a463be0f11] - page.onError - msg: TypeError: undefined is not a function (evaluating 'query.fmt()')
[ERROR - 2018-08-24T19:52:37.154Z] Session [376010d0-a7d7-11e8-9ec2-21a463be0f11] - page.onError - stack:
  parseUserInput (https://patentscope.wipo.int/search/resources/js/lib/luceneValidator.js:1620)
  luceneAssistant (https://patentscope.wipo.int/search/resources/js/lib/luceneValidator.js:1666)
  (anonymous function) (https://patentscope.wipo.int/search/resources/js/app/main.js:50)
  dispatch (https://patentscope.wipo.int/search/org.richfaces.resources/javax.faces.resource/org.richfaces.staticResource/4.5.5.Final/PackedCompressed/org.richfaces/jquery.js:1197)
  handle (https://patentscope.wipo.int/search/org.richfaces.resources/javax.faces.resource/org.richfaces.staticResource/4.5.5.Final/PackedCompressed/org.richfaces/jquery.js:1102)
  sendEvent (:0)
  _keyEvent (phantomjs://code/inputs.js:325)
  _pressKey (phantomjs://code/inputs.js:280)
  _sendKeys (phantomjs://code/inputs.js:231)
  _postValueCommand (phantomjs://code/webelement_request_handler.js:288)
  _handle (phantomjs://code/webelement_request_handler.js:72)
  _reroute (phantomjs://code/request_handler.js:61)
  _handle (phantomjs://code/session_request_handler.js:120)
  _reroute (phantomjs://code/request_handler.js:61)
  _handle (phantomjs://code/router_request_handler.js:78)
[ERROR - 2018-08-24T19:52:37.156Z] Session [376010d0-a7d7-11e8-9ec2-21a463be0f11] - page.onError - msg: TypeError: undefined is not a function (evaluating 'query.fmt()')
[ERROR - 2018-08-24T19:52:37.156Z] Session [376010d0-a7d7-11e8-9ec2-21a463be0f11] - page.onError - stack:
  parseUserInput (https://patentscope.wipo.int/search/resources/js/lib/luceneValidator.js:1620)
  luceneAssistant (https://patentscope.wipo.int/search/resources/js/lib/luceneValidator.js:1666)
  (anonymous function) (https://patentscope.wipo.int/search/resources/js/app/main.js:50)
  dispatch (https://patentscope.wipo.int/search/org.richfaces.resources/javax.faces.resource/org.richfaces.staticResource/4.5.5.Final/PackedCompressed/org.richfaces/jquery.js:1197)
  handle (https://patentscope.wipo.int/search/org.richfaces.resources/javax.faces.resource/org.richfaces.staticResource/4.5.5.Final/PackedCompressed/org.richfaces/jquery.js:1102)
  sendEvent (:0)
  _keyEvent (phantomjs://code/inputs.js:325)
  _pressKey (phantomjs://code/inputs.js:280)
  _sendKeys (phantomjs://code/inputs.js:231)
  _postValueCommand (phantomjs://code/webelement_request_handler.js:288)
  _handle (phantomjs://code/webelement_request_handler.js:72)
  _reroute (phantomjs://code/request_handler.js:61)
  _handle (phantomjs://code/session_request_handler.js:120)
  _reroute (phantomjs://code/request_handler.js:61)
  _handle (phantomjs://code/router_request_handler.js:78)
[ERROR - 2018-08-24T19:52:37.158Z] Session [376010d0-a7d7-11e8-9ec2-21a463be0f11] - page.onError - msg: TypeError: undefined is not a function (evaluating 'query.fmt()')
[ERROR - 2018-08-24T19:52:37.158Z] Session [376010d0-a7d7-11e8-9ec2-21a463be0f11] - page.onError - stack:
  parseUserInput (https://patentscope.wipo.int/search/resources/js/lib/luceneValidator.js:1620)
  luceneAssistant (https://patentscope.wipo.int/search/resources/js/lib/luceneValidator.js:1666)
  (anonymous function) (https://patentscope.wipo.int/search/resources/js/app/main.js:50)
  dispatch (https://patentscope.wipo.int/search/org.richfaces.resources/javax.faces.resource/org.richfaces.staticResource/4.5.5.Final/PackedCompressed/org.richfaces/jquery.js:1197)
  handle (https://patentscope.wipo.int/search/org.richfaces.resources/javax.faces.resource/org.richfaces.staticResource/4.5.5.Final/PackedCompressed/org.richfaces/jquery.js:1102)
  sendEvent (:0)
  _keyEvent (phantomjs://code/inputs.js:325)
  _pressKey (phantomjs://code/inputs.js:280)
  _sendKeys (phantomjs://code/inputs.js:231)
  _postValueCommand (phantomjs://code/webelement_request_handler.js:288)
  _handle (phantomjs://code/webelement_request_handler.js:72)
  _reroute (phantomjs://code/request_handler.js:61)
  _handle (phantomjs://code/session_request_handler.js:120)
  _reroute (phantomjs://code/request_handler.js:61)
  _handle (phantomjs://code/router_request_handler.js:78)
[ERROR - 2018-08-24T19:52:37.163Z] Session [376010d0-a7d7-11e8-9ec2-21a463be0f11] - page.onError - msg: TypeError: undefined is not a function (evaluating 'query.fmt()')
[ERROR - 2018-08-24T19:52:37.163Z] Session [376010d0-a7d7-11e8-9ec2-21a463be0f11] - page.onError - stack:
  parseUserInput (https://patentscope.wipo.int/search/resources/js/lib/luceneValidator.js:1620)
  luceneAssistant (https://patentscope.wipo.int/search/resources/js/lib/luceneValidator.js:1666)
  (anonymous function) (https://patentscope.wipo.int/search/resources/js/app/main.js:50)
  dispatch (https://patentscope.wipo.int/search/org.richfaces.resources/javax.faces.resource/org.richfaces.staticResource/4.5.5.Final/PackedCompressed/org.richfaces/jquery.js:1197)
  handle (https://patentscope.wipo.int/search/org.richfaces.resources/javax.faces.resource/org.richfaces.staticResource/4.5.5.Final/PackedCompressed/org.richfaces/jquery.js:1102)
  sendEvent (:0)
  _keyEvent (phantomjs://code/inputs.js:325)
  _pressKey (phantomjs://code/inputs.js:280)
  _sendKeys (phantomjs://code/inputs.js:231)
  _postValueCommand (phantomjs://code/webelement_request_handler.js:288)
  _handle (phantomjs://code/webelement_request_handler.js:72)
  _reroute (phantomjs://code/request_handler.js:61)
  _handle (phantomjs://code/session_request_handler.js:120)
  _reroute (phantomjs://code/request_handler.js:61)
  _handle (phantomjs://code/router_request_handler.js:78)
[ERROR - 2018-08-24T19:52:37.166Z] Session [376010d0-a7d7-11e8-9ec2-21a463be0f11] - page.onError - msg: TypeError: undefined is not a function (evaluating 'query.fmt()')
[ERROR - 2018-08-24T19:52:37.166Z] Session [376010d0-a7d7-11e8-9ec2-21a463be0f11] - page.onError - stack:
  parseUserInput (https://patentscope.wipo.int/search/resources/js/lib/luceneValidator.js:1620)
  luceneAssistant (https://patentscope.wipo.int/search/resources/js/lib/luceneValidator.js:1666)
  (anonymous function) (https://patentscope.wipo.int/search/resources/js/app/main.js:50)
  dispatch (https://patentscope.wipo.int/search/org.richfaces.resources/javax.faces.resource/org.richfaces.staticResource/4.5.5.Final/PackedCompressed/org.richfaces/jquery.js:1197)
  handle (https://patentscope.wipo.int/search/org.richfaces.resources/javax.faces.resource/org.richfaces.staticResource/4.5.5.Final/PackedCompressed/org.richfaces/jquery.js:1102)
  sendEvent (:0)
  _keyEvent (phantomjs://code/inputs.js:325)
  _pressKey (phantomjs://code/inputs.js:280)
  _sendKeys (phantomjs://code/inputs.js:231)
  _postValueCommand (phantomjs://code/webelement_request_handler.js:288)
  _handle (phantomjs://code/webelement_request_handler.js:72)
  _reroute (phantomjs://code/request_handler.js:61)
  _handle (phantomjs://code/session_request_handler.js:120)
  _reroute (phantomjs://code/request_handler.js:61)
  _handle (phantomjs://code/router_request_handler.js:78)
[ERROR - 2018-08-24T19:52:41.988Z] Session [376010d0-a7d7-11e8-9ec2-21a463be0f11] - page.onError - msg: TypeError: undefined is not an object (evaluating 'F.length')
[ERROR - 2018-08-24T19:52:41.988Z] Session [376010d0-a7d7-11e8-9ec2-21a463be0f11] - page.onError - stack:
  initiateGroups (https://patentscope.wipo.int/search/org.richfaces.resources/javax.faces.resource/org.richfaces.staticResource/4.5.5.Final/PackedCompressed/packed/packed.js:10370)
[ERROR - 2018-08-24T19:52:41.991Z] Session [376010d0-a7d7-11e8-9ec2-21a463be0f11] - page.onError - msg: TypeError: undefined is not an object (evaluating 'F.length')
[ERROR - 2018-08-24T19:52:41.991Z] Session [376010d0-a7d7-11e8-9ec2-21a463be0f11] - page.onError - stack:
  initiateGroups (https://patentscope.wipo.int/search/org.richfaces.resources/javax.faces.resource/org.richfaces.staticResource/4.5.5.Final/PackedCompressed/packed/packed.js:10370)
[ERROR - 2018-08-24T19:52:41.992Z] Session [376010d0-a7d7-11e8-9ec2-21a463be0f11] - page.onError - msg: TypeError: undefined is not an object (evaluating 'F.length')
[ERROR - 2018-08-24T19:52:41.992Z] Session [376010d0-a7d7-11e8-9ec2-21a463be0f11] - page.onError - stack:
  initiateGroups (https://patentscope.wipo.int/search/org.richfaces.resources/javax.faces.resource/org.richfaces.staticResource/4.5.5.Final/PackedCompressed/packed/packed.js:10370)
[ERROR - 2018-08-24T19:52:41.997Z] Session [376010d0-a7d7-11e8-9ec2-21a463be0f11] - page.onError - msg: TypeError: undefined is not an object (evaluating 'F.length')
[ERROR - 2018-08-24T19:52:41.997Z] Session [376010d0-a7d7-11e8-9ec2-21a463be0f11] - page.onError - stack:
  initiateGroups (https://patentscope.wipo.int/search/org.richfaces.resources/javax.faces.resource/org.richfaces.staticResource/4.5.5.Final/PackedCompressed/packed/packed.js:10370)
[ERROR - 2018-08-24T19:52:41.998Z] Session [376010d0-a7d7-11e8-9ec2-21a463be0f11] - page.onError - msg: TypeError: undefined is not an object (evaluating 'F.length')
[ERROR - 2018-08-24T19:52:41.999Z] Session [376010d0-a7d7-11e8-9ec2-21a463be0f11] - page.onError - stack:
  initiateGroups (https://patentscope.wipo.int/search/org.richfaces.resources/javax.faces.resource/org.richfaces.staticResource/4.5.5.Final/PackedCompressed/packed/packed.js:10370)
[ERROR - 2018-08-24T19:52:42.006Z] Session [376010d0-a7d7-11e8-9ec2-21a463be0f11] - page.onError - msg: TypeError: 7 is not a function (evaluating '7')
[ERROR - 2018-08-24T19:52:42.006Z] Session [376010d0-a7d7-11e8-9ec2-21a463be0f11] - page.onError - stack:
  global code (https://patentscope.wipo.int/search/scripts/base64.js:8)
[ERROR - 2018-08-24T19:58:50.690Z] Session [fed57790-a7d7-11e8-b631-8fc265a68f30] - page.onError - msg: TypeError: undefined is not an object (evaluating 'F.length')
[ERROR - 2018-08-24T19:58:50.690Z] Session [fed57790-a7d7-11e8-b631-8fc265a68f30] - page.onError - stack:
  initiateGroups (https://patentscope.wipo.int/search/org.richfaces.resources/javax.faces.resource/org.richfaces.staticResource/4.5.5.Final/PackedCompressed/packed/packed.js;jsessionid=174D746F7818C776238981A3ABBDA50C.wapp2nB:10370)
[ERROR - 2018-08-24T19:58:50.694Z] Session [fed57790-a7d7-11e8-b631-8fc265a68f30] - page.onError - msg: TypeError: undefined is not an object (evaluating 'F.length')
[ERROR - 2018-08-24T19:58:50.694Z] Session [fed57790-a7d7-11e8-b631-8fc265a68f30] - page.onError - stack:
  initiateGroups (https://patentscope.wipo.int/search/org.richfaces.resources/javax.faces.resource/org.richfaces.staticResource/4.5.5.Final/PackedCompressed/packed/packed.js;jsessionid=174D746F7818C776238981A3ABBDA50C.wapp2nB:10370)
[ERROR - 2018-08-24T19:58:50.696Z] Session [fed57790-a7d7-11e8-b631-8fc265a68f30] - page.onError - msg: TypeError: undefined is not an object (evaluating 'F.length')
[ERROR - 2018-08-24T19:58:50.696Z] Session [fed57790-a7d7-11e8-b631-8fc265a68f30] - page.onError - stack:
  initiateGroups (https://patentscope.wipo.int/search/org.richfaces.resources/javax.faces.resource/org.richfaces.staticResource/4.5.5.Final/PackedCompressed/packed/packed.js;jsessionid=174D746F7818C776238981A3ABBDA50C.wapp2nB:10370)
[ERROR - 2018-08-24T19:58:50.701Z] Session [fed57790-a7d7-11e8-b631-8fc265a68f30] - page.onError - msg: TypeError: undefined is not an object (evaluating 'F.length')
[ERROR - 2018-08-24T19:58:50.701Z] Session [fed57790-a7d7-11e8-b631-8fc265a68f30] - page.onError - stack:
  initiateGroups (https://patentscope.wipo.int/search/org.richfaces.resources/javax.faces.resource/org.richfaces.staticResource/4.5.5.Final/PackedCompressed/packed/packed.js;jsessionid=174D746F7818C776238981A3ABBDA50C.wapp2nB:10370)
[ERROR - 2018-08-24T19:58:50.703Z] Session [fed57790-a7d7-11e8-b631-8fc265a68f30] - page.onError - msg: TypeError: undefined is not an object (evaluating 'F.length')
[ERROR - 2018-08-24T19:58:50.703Z] Session [fed57790-a7d7-11e8-b631-8fc265a68f30] - page.onError - stack:
  initiateGroups (https://patentscope.wipo.int/search/org.richfaces.resources/javax.faces.resource/org.richfaces.staticResource/4.5.5.Final/PackedCompressed/packed/packed.js;jsessionid=174D746F7818C776238981A3ABBDA50C.wapp2nB:10370)
[ERROR - 2018-08-24T19:58:50.711Z] Session [fed57790-a7d7-11e8-b631-8fc265a68f30] - page.onError - msg: TypeError: 7 is not a function (evaluating '7')
[ERROR - 2018-08-24T19:58:50.712Z] Session [fed57790-a7d7-11e8-b631-8fc265a68f30] - page.onError - stack:
  global code (https://patentscope.wipo.int/search/scripts/base64.js:8)
[ERROR - 2018-08-24T19:58:58.839Z] Session [fed57790-a7d7-11e8-b631-8fc265a68f30] - page.onError - msg: Error: Load timeout for modules: jquery-private,jquery-ui/jquery-ui,app/main
http://requirejs.org/docs/errors.html#timeout
[ERROR - 2018-08-24T19:58:58.840Z] Session [fed57790-a7d7-11e8-b631-8fc265a68f30] - page.onError - stack:
  defaultOnError (https://patentscope.wipo.int/search/resources/js/lib/require.js:143)
  onError (https://patentscope.wipo.int/search/resources/js/lib/require.js:547)
  checkLoaded (https://patentscope.wipo.int/search/resources/js/lib/require.js:698)
  (anonymous function) (https://patentscope.wipo.int/search/resources/js/lib/require.js:717)
[ERROR - 2018-08-24T20:47:49.555Z] Session [fed57790-a7d7-11e8-b631-8fc265a68f30] - page.onError - msg: TypeError: undefined is not an object (evaluating 'F.length')
[ERROR - 2018-08-24T20:47:49.555Z] Session [fed57790-a7d7-11e8-b631-8fc265a68f30] - page.onError - stack:
  initiateGroups (https://patentscope.wipo.int/search/org.richfaces.resources/javax.faces.resource/org.richfaces.staticResource/4.5.5.Final/PackedCompressed/packed/packed.js:10370)
[ERROR - 2018-08-24T20:47:49.558Z] Session [fed57790-a7d7-11e8-b631-8fc265a68f30] - page.onError - msg: TypeError: undefined is not an object (evaluating 'F.length')
[ERROR - 2018-08-24T20:47:49.558Z] Session [fed57790-a7d7-11e8-b631-8fc265a68f30] - page.onError - stack:
  initiateGroups (https://patentscope.wipo.int/search/org.richfaces.resources/javax.faces.resource/org.richfaces.staticResource/4.5.5.Final/PackedCompressed/packed/packed.js:10370)
[ERROR - 2018-08-24T20:47:49.560Z] Session [fed57790-a7d7-11e8-b631-8fc265a68f30] - page.onError - msg: TypeError: undefined is not an object (evaluating 'F.length')
[ERROR - 2018-08-24T20:47:49.560Z] Session [fed57790-a7d7-11e8-b631-8fc265a68f30] - page.onError - stack:
  initiateGroups (https://patentscope.wipo.int/search/org.richfaces.resources/javax.faces.resource/org.richfaces.staticResource/4.5.5.Final/PackedCompressed/packed/packed.js:10370)
[ERROR - 2018-08-24T20:47:49.570Z] Session [fed57790-a7d7-11e8-b631-8fc265a68f30] - page.onError - msg: TypeError: undefined is not an object (evaluating 'F.length')
[ERROR - 2018-08-24T20:47:49.570Z] Session [fed57790-a7d7-11e8-b631-8fc265a68f30] - page.onError - stack:
  initiateGroups (https://patentscope.wipo.int/search/org.richfaces.resources/javax.faces.resource/org.richfaces.staticResource/4.5.5.Final/PackedCompressed/packed/packed.js:10370)
[ERROR - 2018-08-24T20:47:49.573Z] Session [fed57790-a7d7-11e8-b631-8fc265a68f30] - page.onError - msg: TypeError: undefined is not an object (evaluating 'F.length')
[ERROR - 2018-08-24T20:47:49.573Z] Session [fed57790-a7d7-11e8-b631-8fc265a68f30] - page.onError - stack:
  initiateGroups (https://patentscope.wipo.int/search/org.richfaces.resources/javax.faces.resource/org.richfaces.staticResource/4.5.5.Final/PackedCompressed/packed/packed.js:10370)
[ERROR - 2018-08-24T20:47:49.583Z] Session [fed57790-a7d7-11e8-b631-8fc265a68f30] - page.onError - msg: TypeError: 7 is not a function (evaluating '7')
[ERROR - 2018-08-24T20:47:49.583Z] Session [fed57790-a7d7-11e8-b631-8fc265a68f30] - page.onError - stack:
  global code (https://patentscope.wipo.int/search/scripts/base64.js:8)
[ERROR - 2018-08-24T20:50:20.535Z] Session [4a359010-a7df-11e8-9ace-096248556f62] - page.onError - msg: TypeError: undefined is not an object (evaluating 'F.length')
[ERROR - 2018-08-24T20:50:20.536Z] Session [4a359010-a7df-11e8-9ace-096248556f62] - page.onError - stack:
  initiateGroups (https://patentscope.wipo.int/search/org.richfaces.resources/javax.faces.resource/org.richfaces.staticResource/4.5.5.Final/PackedCompressed/packed/packed.js;jsessionid=30E214B025407B15EF31218EC184E17A.wapp1nC:10370)
[ERROR - 2018-08-24T20:50:20.539Z] Session [4a359010-a7df-11e8-9ace-096248556f62] - page.onError - msg: TypeError: undefined is not an object (evaluating 'F.length')
[ERROR - 2018-08-24T20:50:20.539Z] Session [4a359010-a7df-11e8-9ace-096248556f62] - page.onError - stack:
  initiateGroups (https://patentscope.wipo.int/search/org.richfaces.resources/javax.faces.resource/org.richfaces.staticResource/4.5.5.Final/PackedCompressed/packed/packed.js;jsessionid=30E214B025407B15EF31218EC184E17A.wapp1nC:10370)
[ERROR - 2018-08-24T20:50:20.541Z] Session [4a359010-a7df-11e8-9ace-096248556f62] - page.onError - msg: TypeError: undefined is not an object (evaluating 'F.length')
[ERROR - 2018-08-24T20:50:20.541Z] Session [4a359010-a7df-11e8-9ace-096248556f62] - page.onError - stack:
  initiateGroups (https://patentscope.wipo.int/search/org.richfaces.resources/javax.faces.resource/org.richfaces.staticResource/4.5.5.Final/PackedCompressed/packed/packed.js;jsessionid=30E214B025407B15EF31218EC184E17A.wapp1nC:10370)
[ERROR - 2018-08-24T20:50:20.550Z] Session [4a359010-a7df-11e8-9ace-096248556f62] - page.onError - msg: TypeError: undefined is not an object (evaluating 'F.length')
[ERROR - 2018-08-24T20:50:20.550Z] Session [4a359010-a7df-11e8-9ace-096248556f62] - page.onError - stack:
  initiateGroups (https://patentscope.wipo.int/search/org.richfaces.resources/javax.faces.resource/org.richfaces.staticResource/4.5.5.Final/PackedCompressed/packed/packed.js;jsessionid=30E214B025407B15EF31218EC184E17A.wapp1nC:10370)
[ERROR - 2018-08-24T20:50:20.552Z] Session [4a359010-a7df-11e8-9ace-096248556f62] - page.onError - msg: TypeError: undefined is not an object (evaluating 'F.length')
[ERROR - 2018-08-24T20:50:20.553Z] Session [4a359010-a7df-11e8-9ace-096248556f62] - page.onError - stack:
  initiateGroups (https://patentscope.wipo.int/search/org.richfaces.resources/javax.faces.resource/org.richfaces.staticResource/4.5.5.Final/PackedCompressed/packed/packed.js;jsessionid=30E214B025407B15EF31218EC184E17A.wapp1nC:10370)
[ERROR - 2018-08-24T20:50:20.565Z] Session [4a359010-a7df-11e8-9ace-096248556f62] - page.onError - msg: TypeError: 7 is not a function (evaluating '7')
[ERROR - 2018-08-24T20:50:20.566Z] Session [4a359010-a7df-11e8-9ace-096248556f62] - page.onError - stack:
  global code (https://patentscope.wipo.int/search/scripts/base64.js:8)
[ERROR - 2018-08-24T20:50:30.476Z] Session [4a359010-a7df-11e8-9ace-096248556f62] - page.onError - msg: TypeError: undefined is not a function (evaluating 'query.fmt()')
[ERROR - 2018-08-24T20:50:30.476Z] Session [4a359010-a7df-11e8-9ace-096248556f62] - page.onError - stack:
  parseUserInput (https://patentscope.wipo.int/search/resources/js/lib/luceneValidator.js:1620)
  luceneAssistant (https://patentscope.wipo.int/search/resources/js/lib/luceneValidator.js:1666)
  (anonymous function) (https://patentscope.wipo.int/search/resources/js/app/main.js:50)
  dispatch (https://patentscope.wipo.int/search/org.richfaces.resources/javax.faces.resource/org.richfaces.staticResource/4.5.5.Final/PackedCompressed/org.richfaces/jquery.js:1197)
  handle (https://patentscope.wipo.int/search/org.richfaces.resources/javax.faces.resource/org.richfaces.staticResource/4.5.5.Final/PackedCompressed/org.richfaces/jquery.js:1102)
  sendEvent (:0)
  _keyEvent (phantomjs://code/inputs.js:325)
  _pressKey (phantomjs://code/inputs.js:280)
  _sendKeys (phantomjs://code/inputs.js:231)
  _postValueCommand (phantomjs://code/webelement_request_handler.js:288)
  _handle (phantomjs://code/webelement_request_handler.js:72)
  _reroute (phantomjs://code/request_handler.js:61)
  _handle (phantomjs://code/session_request_handler.js:120)
  _reroute (phantomjs://code/request_handler.js:61)
  _handle (phantomjs://code/router_request_handler.js:78)
[ERROR - 2018-08-24T20:50:30.478Z] Session [4a359010-a7df-11e8-9ace-096248556f62] - page.onError - msg: TypeError: undefined is not a function (evaluating 'query.fmt()')
[ERROR - 2018-08-24T20:50:30.478Z] Session [4a359010-a7df-11e8-9ace-096248556f62] - page.onError - stack:
  parseUserInput (https://patentscope.wipo.int/search/resources/js/lib/luceneValidator.js:1620)
  luceneAssistant (https://patentscope.wipo.int/search/resources/js/lib/luceneValidator.js:1666)
  (anonymous function) (https://patentscope.wipo.int/search/resources/js/app/main.js:50)
  dispatch (https://patentscope.wipo.int/search/org.richfaces.resources/javax.faces.resource/org.richfaces.staticResource/4.5.5.Final/PackedCompressed/org.richfaces/jquery.js:1197)
  handle (https://patentscope.wipo.int/search/org.richfaces.resources/javax.faces.resource/org.richfaces.staticResource/4.5.5.Final/PackedCompressed/org.richfaces/jquery.js:1102)
  sendEvent (:0)
  _keyEvent (phantomjs://code/inputs.js:325)
  _pressKey (phantomjs://code/inputs.js:280)
  _sendKeys (phantomjs://code/inputs.js:231)
  _postValueCommand (phantomjs://code/webelement_request_handler.js:288)
  _handle (phantomjs://code/webelement_request_handler.js:72)
  _reroute (phantomjs://code/request_handler.js:61)
  _handle (phantomjs://code/session_request_handler.js:120)
  _reroute (phantomjs://code/request_handler.js:61)
  _handle (phantomjs://code/router_request_handler.js:78)
[ERROR - 2018-08-24T20:50:30.482Z] Session [4a359010-a7df-11e8-9ace-096248556f62] - page.onError - msg: TypeError: undefined is not a function (evaluating 'query.fmt()')
[ERROR - 2018-08-24T20:50:30.482Z] Session [4a359010-a7df-11e8-9ace-096248556f62] - page.onError - stack:
  parseUserInput (https://patentscope.wipo.int/search/resources/js/lib/luceneValidator.js:1620)
  luceneAssistant (https://patentscope.wipo.int/search/resources/js/lib/luceneValidator.js:1666)
  (anonymous function) (https://patentscope.wipo.int/search/resources/js/app/main.js:50)
  dispatch (https://patentscope.wipo.int/search/org.richfaces.resources/javax.faces.resource/org.richfaces.staticResource/4.5.5.Final/PackedCompressed/org.richfaces/jquery.js:1197)
  handle (https://patentscope.wipo.int/search/org.richfaces.resources/javax.faces.resource/org.richfaces.staticResource/4.5.5.Final/PackedCompressed/org.richfaces/jquery.js:1102)
  sendEvent (:0)
  _keyEvent (phantomjs://code/inputs.js:325)
  _pressKey (phantomjs://code/inputs.js:280)
  _sendKeys (phantomjs://code/inputs.js:231)
  _postValueCommand (phantomjs://code/webelement_request_handler.js:288)
  _handle (phantomjs://code/webelement_request_handler.js:72)
  _reroute (phantomjs://code/request_handler.js:61)
  _handle (phantomjs://code/session_request_handler.js:120)
  _reroute (phantomjs://code/request_handler.js:61)
  _handle (phantomjs://code/router_request_handler.js:78)
[ERROR - 2018-08-24T20:50:30.487Z] Session [4a359010-a7df-11e8-9ace-096248556f62] - page.onError - msg: TypeError: undefined is not a function (evaluating 'query.fmt()')
[ERROR - 2018-08-24T20:50:30.487Z] Session [4a359010-a7df-11e8-9ace-096248556f62] - page.onError - stack:
  parseUserInput (https://patentscope.wipo.int/search/resources/js/lib/luceneValidator.js:1620)
  luceneAssistant (https://patentscope.wipo.int/search/resources/js/lib/luceneValidator.js:1666)
  (anonymous function) (https://patentscope.wipo.int/search/resources/js/app/main.js:50)
  dispatch (https://patentscope.wipo.int/search/org.richfaces.resources/javax.faces.resource/org.richfaces.staticResource/4.5.5.Final/PackedCompressed/org.richfaces/jquery.js:1197)
  handle (https://patentscope.wipo.int/search/org.richfaces.resources/javax.faces.resource/org.richfaces.staticResource/4.5.5.Final/PackedCompressed/org.richfaces/jquery.js:1102)
  sendEvent (:0)
  _keyEvent (phantomjs://code/inputs.js:325)
  _pressKey (phantomjs://code/inputs.js:280)
  _sendKeys (phantomjs://code/inputs.js:231)
  _postValueCommand (phantomjs://code/webelement_request_handler.js:288)
  _handle (phantomjs://code/webelement_request_handler.js:72)
  _reroute (phantomjs://code/request_handler.js:61)
  _handle (phantomjs://code/session_request_handler.js:120)
  _reroute (phantomjs://code/request_handler.js:61)
  _handle (phantomjs://code/router_request_handler.js:78)
[ERROR - 2018-08-24T20:50:30.490Z] Session [4a359010-a7df-11e8-9ace-096248556f62] - page.onError - msg: TypeError: undefined is not a function (evaluating 'query.fmt()')
[ERROR - 2018-08-24T20:50:30.491Z] Session [4a359010-a7df-11e8-9ace-096248556f62] - page.onError - stack:
  parseUserInput (https://patentscope.wipo.int/search/resources/js/lib/luceneValidator.js:1620)
  luceneAssistant (https://patentscope.wipo.int/search/resources/js/lib/luceneValidator.js:1666)
  (anonymous function) (https://patentscope.wipo.int/search/resources/js/app/main.js:50)
  dispatch (https://patentscope.wipo.int/search/org.richfaces.resources/javax.faces.resource/org.richfaces.staticResource/4.5.5.Final/PackedCompressed/org.richfaces/jquery.js:1197)
  handle (https://patentscope.wipo.int/search/org.richfaces.resources/javax.faces.resource/org.richfaces.staticResource/4.5.5.Final/PackedCompressed/org.richfaces/jquery.js:1102)
  sendEvent (:0)
  _keyEvent (phantomjs://code/inputs.js:325)
  _pressKey (phantomjs://code/inputs.js:280)
  _sendKeys (phantomjs://code/inputs.js:231)
  _postValueCommand (phantomjs://code/webelement_request_handler.js:288)
  _handle (phantomjs://code/webelement_request_handler.js:72)
  _reroute (phantomjs://code/request_handler.js:61)
  _handle (phantomjs://code/session_request_handler.js:120)
  _reroute (phantomjs://code/request_handler.js:61)
  _handle (phantomjs://code/router_request_handler.js:78)
[ERROR - 2018-08-24T20:50:30.493Z] Session [4a359010-a7df-11e8-9ace-096248556f62] - page.onError - msg: TypeError: undefined is not a function (evaluating 'query.fmt()')
[ERROR - 2018-08-24T20:50:30.494Z] Session [4a359010-a7df-11e8-9ace-096248556f62] - page.onError - stack:
  parseUserInput (https://patentscope.wipo.int/search/resources/js/lib/luceneValidator.js:1620)
  luceneAssistant (https://patentscope.wipo.int/search/resources/js/lib/luceneValidator.js:1666)
  (anonymous function) (https://patentscope.wipo.int/search/resources/js/app/main.js:50)
  dispatch (https://patentscope.wipo.int/search/org.richfaces.resources/javax.faces.resource/org.richfaces.staticResource/4.5.5.Final/PackedCompressed/org.richfaces/jquery.js:1197)
  handle (https://patentscope.wipo.int/search/org.richfaces.resources/javax.faces.resource/org.richfaces.staticResource/4.5.5.Final/PackedCompressed/org.richfaces/jquery.js:1102)
  sendEvent (:0)
  _keyEvent (phantomjs://code/inputs.js:325)
  _pressKey (phantomjs://code/inputs.js:280)
  _sendKeys (phantomjs://code/inputs.js:231)
  _postValueCommand (phantomjs://code/webelement_request_handler.js:288)
  _handle (phantomjs://code/webelement_request_handler.js:72)
  _reroute (phantomjs://code/request_handler.js:61)
  _handle (phantomjs://code/session_request_handler.js:120)
  _reroute (phantomjs://code/request_handler.js:61)
  _handle (phantomjs://code/router_request_handler.js:78)
[ERROR - 2018-08-24T20:50:30.497Z] Session [4a359010-a7df-11e8-9ace-096248556f62] - page.onError - msg: TypeError: undefined is not a function (evaluating 'query.fmt()')
[ERROR - 2018-08-24T20:50:30.497Z] Session [4a359010-a7df-11e8-9ace-096248556f62] - page.onError - stack:
  parseUserInput (https://patentscope.wipo.int/search/resources/js/lib/luceneValidator.js:1620)
  luceneAssistant (https://patentscope.wipo.int/search/resources/js/lib/luceneValidator.js:1666)
  (anonymous function) (https://patentscope.wipo.int/search/resources/js/app/main.js:50)
  dispatch (https://patentscope.wipo.int/search/org.richfaces.resources/javax.faces.resource/org.richfaces.staticResource/4.5.5.Final/PackedCompressed/org.richfaces/jquery.js:1197)
  handle (https://patentscope.wipo.int/search/org.richfaces.resources/javax.faces.resource/org.richfaces.staticResource/4.5.5.Final/PackedCompressed/org.richfaces/jquery.js:1102)
  sendEvent (:0)
  _keyEvent (phantomjs://code/inputs.js:325)
  _pressKey (phantomjs://code/inputs.js:280)
  _sendKeys (phantomjs://code/inputs.js:231)
  _postValueCommand (phantomjs://code/webelement_request_handler.js:288)
  _handle (phantomjs://code/webelement_request_handler.js:72)
  _reroute (phantomjs://code/request_handler.js:61)
  _handle (phantomjs://code/session_request_handler.js:120)
  _reroute (phantomjs://code/request_handler.js:61)
  _handle (phantomjs://code/router_request_handler.js:78)
[ERROR - 2018-08-24T20:50:30.499Z] Session [4a359010-a7df-11e8-9ace-096248556f62] - page.onError - msg: TypeError: undefined is not a function (evaluating 'query.fmt()')
[ERROR - 2018-08-24T20:50:30.499Z] Session [4a359010-a7df-11e8-9ace-096248556f62] - page.onError - stack:
  parseUserInput (https://patentscope.wipo.int/search/resources/js/lib/luceneValidator.js:1620)
  luceneAssistant (https://patentscope.wipo.int/search/resources/js/lib/luceneValidator.js:1666)
  (anonymous function) (https://patentscope.wipo.int/search/resources/js/app/main.js:50)
  dispatch (https://patentscope.wipo.int/search/org.richfaces.resources/javax.faces.resource/org.richfaces.staticResource/4.5.5.Final/PackedCompressed/org.richfaces/jquery.js:1197)
  handle (https://patentscope.wipo.int/search/org.richfaces.resources/javax.faces.resource/org.richfaces.staticResource/4.5.5.Final/PackedCompressed/org.richfaces/jquery.js:1102)
  sendEvent (:0)
  _keyEvent (phantomjs://code/inputs.js:325)
  _pressKey (phantomjs://code/inputs.js:280)
  _sendKeys (phantomjs://code/inputs.js:231)
  _postValueCommand (phantomjs://code/webelement_request_handler.js:288)
  _handle (phantomjs://code/webelement_request_handler.js:72)
  _reroute (phantomjs://code/request_handler.js:61)
  _handle (phantomjs://code/session_request_handler.js:120)
  _reroute (phantomjs://code/request_handler.js:61)
  _handle (phantomjs://code/router_request_handler.js:78)
[ERROR - 2018-08-24T20:50:30.500Z] Session [4a359010-a7df-11e8-9ace-096248556f62] - page.onError - msg: TypeError: undefined is not a function (evaluating 'query.fmt()')
[ERROR - 2018-08-24T20:50:30.500Z] Session [4a359010-a7df-11e8-9ace-096248556f62] - page.onError - stack:
  parseUserInput (https://patentscope.wipo.int/search/resources/js/lib/luceneValidator.js:1620)
  luceneAssistant (https://patentscope.wipo.int/search/resources/js/lib/luceneValidator.js:1666)
  (anonymous function) (https://patentscope.wipo.int/search/resources/js/app/main.js:50)
  dispatch (https://patentscope.wipo.int/search/org.richfaces.resources/javax.faces.resource/org.richfaces.staticResource/4.5.5.Final/PackedCompressed/org.richfaces/jquery.js:1197)
  handle (https://patentscope.wipo.int/search/org.richfaces.resources/javax.faces.resource/org.richfaces.staticResource/4.5.5.Final/PackedCompressed/org.richfaces/jquery.js:1102)
  sendEvent (:0)
  _keyEvent (phantomjs://code/inputs.js:325)
  _pressKey (phantomjs://code/inputs.js:280)
  _sendKeys (phantomjs://code/inputs.js:231)
  _postValueCommand (phantomjs://code/webelement_request_handler.js:288)
  _handle (phantomjs://code/webelement_request_handler.js:72)
  _reroute (phantomjs://code/request_handler.js:61)
  _handle (phantomjs://code/session_request_handler.js:120)
  _reroute (phantomjs://code/request_handler.js:61)
  _handle (phantomjs://code/router_request_handler.js:78)
[ERROR - 2018-08-24T20:50:30.502Z] Session [4a359010-a7df-11e8-9ace-096248556f62] - page.onError - msg: TypeError: undefined is not a function (evaluating 'query.fmt()')
[ERROR - 2018-08-24T20:50:30.502Z] Session [4a359010-a7df-11e8-9ace-096248556f62] - page.onError - stack:
  parseUserInput (https://patentscope.wipo.int/search/resources/js/lib/luceneValidator.js:1620)
  luceneAssistant (https://patentscope.wipo.int/search/resources/js/lib/luceneValidator.js:1666)
  (anonymous function) (https://patentscope.wipo.int/search/resources/js/app/main.js:50)
  dispatch (https://patentscope.wipo.int/search/org.richfaces.resources/javax.faces.resource/org.richfaces.staticResource/4.5.5.Final/PackedCompressed/org.richfaces/jquery.js:1197)
  handle (https://patentscope.wipo.int/search/org.richfaces.resources/javax.faces.resource/org.richfaces.staticResource/4.5.5.Final/PackedCompressed/org.richfaces/jquery.js:1102)
  sendEvent (:0)
  _keyEvent (phantomjs://code/inputs.js:325)
  _pressKey (phantomjs://code/inputs.js:280)
  _sendKeys (phantomjs://code/inputs.js:231)
  _postValueCommand (phantomjs://code/webelement_request_handler.js:288)
  _handle (phantomjs://code/webelement_request_handler.js:72)
  _reroute (phantomjs://code/request_handler.js:61)
  _handle (phantomjs://code/session_request_handler.js:120)
  _reroute (phantomjs://code/request_handler.js:61)
  _handle (phantomjs://code/router_request_handler.js:78)
[ERROR - 2018-08-24T20:50:30.503Z] Session [4a359010-a7df-11e8-9ace-096248556f62] - page.onError - msg: TypeError: undefined is not a function (evaluating 'query.fmt()')
[ERROR - 2018-08-24T20:50:30.503Z] Session [4a359010-a7df-11e8-9ace-096248556f62] - page.onError - stack:
  parseUserInput (https://patentscope.wipo.int/search/resources/js/lib/luceneValidator.js:1620)
  luceneAssistant (https://patentscope.wipo.int/search/resources/js/lib/luceneValidator.js:1666)
  (anonymous function) (https://patentscope.wipo.int/search/resources/js/app/main.js:50)
  dispatch (https://patentscope.wipo.int/search/org.richfaces.resources/javax.faces.resource/org.richfaces.staticResource/4.5.5.Final/PackedCompressed/org.richfaces/jquery.js:1197)
  handle (https://patentscope.wipo.int/search/org.richfaces.resources/javax.faces.resource/org.richfaces.staticResource/4.5.5.Final/PackedCompressed/org.richfaces/jquery.js:1102)
  sendEvent (:0)
  _keyEvent (phantomjs://code/inputs.js:325)
  _pressKey (phantomjs://code/inputs.js:280)
  _sendKeys (phantomjs://code/inputs.js:231)
  _postValueCommand (phantomjs://code/webelement_request_handler.js:288)
  _handle (phantomjs://code/webelement_request_handler.js:72)
  _reroute (phantomjs://code/request_handler.js:61)
  _handle (phantomjs://code/session_request_handler.js:120)
  _reroute (phantomjs://code/request_handler.js:61)
  _handle (phantomjs://code/router_request_handler.js:78)
[ERROR - 2018-08-24T20:50:30.505Z] Session [4a359010-a7df-11e8-9ace-096248556f62] - page.onError - msg: TypeError: undefined is not a function (evaluating 'query.fmt()')
[ERROR - 2018-08-24T20:50:30.505Z] Session [4a359010-a7df-11e8-9ace-096248556f62] - page.onError - stack:
  parseUserInput (https://patentscope.wipo.int/search/resources/js/lib/luceneValidator.js:1620)
  luceneAssistant (https://patentscope.wipo.int/search/resources/js/lib/luceneValidator.js:1666)
  (anonymous function) (https://patentscope.wipo.int/search/resources/js/app/main.js:50)
  dispatch (https://patentscope.wipo.int/search/org.richfaces.resources/javax.faces.resource/org.richfaces.staticResource/4.5.5.Final/PackedCompressed/org.richfaces/jquery.js:1197)
  handle (https://patentscope.wipo.int/search/org.richfaces.resources/javax.faces.resource/org.richfaces.staticResource/4.5.5.Final/PackedCompressed/org.richfaces/jquery.js:1102)
  sendEvent (:0)
  _keyEvent (phantomjs://code/inputs.js:325)
  _pressKey (phantomjs://code/inputs.js:280)
  _sendKeys (phantomjs://code/inputs.js:231)
  _postValueCommand (phantomjs://code/webelement_request_handler.js:288)
  _handle (phantomjs://code/webelement_request_handler.js:72)
  _reroute (phantomjs://code/request_handler.js:61)
  _handle (phantomjs://code/session_request_handler.js:120)
  _reroute (phantomjs://code/request_handler.js:61)
  _handle (phantomjs://code/router_request_handler.js:78)
[ERROR - 2018-08-24T20:50:30.507Z] Session [4a359010-a7df-11e8-9ace-096248556f62] - page.onError - msg: TypeError: undefined is not a function (evaluating 'query.fmt()')
[ERROR - 2018-08-24T20:50:30.507Z] Session [4a359010-a7df-11e8-9ace-096248556f62] - page.onError - stack:
  parseUserInput (https://patentscope.wipo.int/search/resources/js/lib/luceneValidator.js:1620)
  luceneAssistant (https://patentscope.wipo.int/search/resources/js/lib/luceneValidator.js:1666)
  (anonymous function) (https://patentscope.wipo.int/search/resources/js/app/main.js:50)
  dispatch (https://patentscope.wipo.int/search/org.richfaces.resources/javax.faces.resource/org.richfaces.staticResource/4.5.5.Final/PackedCompressed/org.richfaces/jquery.js:1197)
  handle (https://patentscope.wipo.int/search/org.richfaces.resources/javax.faces.resource/org.richfaces.staticResource/4.5.5.Final/PackedCompressed/org.richfaces/jquery.js:1102)
  sendEvent (:0)
  _keyEvent (phantomjs://code/inputs.js:325)
  _pressKey (phantomjs://code/inputs.js:280)
  _sendKeys (phantomjs://code/inputs.js:231)
  _postValueCommand (phantomjs://code/webelement_request_handler.js:288)
  _handle (phantomjs://code/webelement_request_handler.js:72)
  _reroute (phantomjs://code/request_handler.js:61)
  _handle (phantomjs://code/session_request_handler.js:120)
  _reroute (phantomjs://code/request_handler.js:61)
  _handle (phantomjs://code/router_request_handler.js:78)
[ERROR - 2018-08-24T20:50:36.648Z] Session [4a359010-a7df-11e8-9ace-096248556f62] - page.onError - msg: TypeError: undefined is not an object (evaluating 'F.length')
[ERROR - 2018-08-24T20:50:36.648Z] Session [4a359010-a7df-11e8-9ace-096248556f62] - page.onError - stack:
  initiateGroups (https://patentscope.wipo.int/search/org.richfaces.resources/javax.faces.resource/org.richfaces.staticResource/4.5.5.Final/PackedCompressed/packed/packed.js:10370)
[ERROR - 2018-08-24T20:50:36.652Z] Session [4a359010-a7df-11e8-9ace-096248556f62] - page.onError - msg: TypeError: undefined is not an object (evaluating 'F.length')
[ERROR - 2018-08-24T20:50:36.653Z] Session [4a359010-a7df-11e8-9ace-096248556f62] - page.onError - stack:
  initiateGroups (https://patentscope.wipo.int/search/org.richfaces.resources/javax.faces.resource/org.richfaces.staticResource/4.5.5.Final/PackedCompressed/packed/packed.js:10370)
[ERROR - 2018-08-24T20:50:36.655Z] Session [4a359010-a7df-11e8-9ace-096248556f62] - page.onError - msg: TypeError: undefined is not an object (evaluating 'F.length')
[ERROR - 2018-08-24T20:50:36.656Z] Session [4a359010-a7df-11e8-9ace-096248556f62] - page.onError - stack:
  initiateGroups (https://patentscope.wipo.int/search/org.richfaces.resources/javax.faces.resource/org.richfaces.staticResource/4.5.5.Final/PackedCompressed/packed/packed.js:10370)
[ERROR - 2018-08-24T20:50:36.662Z] Session [4a359010-a7df-11e8-9ace-096248556f62] - page.onError - msg: TypeError: undefined is not an object (evaluating 'F.length')
[ERROR - 2018-08-24T20:50:36.662Z] Session [4a359010-a7df-11e8-9ace-096248556f62] - page.onError - stack:
  initiateGroups (https://patentscope.wipo.int/search/org.richfaces.resources/javax.faces.resource/org.richfaces.staticResource/4.5.5.Final/PackedCompressed/packed/packed.js:10370)
[ERROR - 2018-08-24T20:50:36.665Z] Session [4a359010-a7df-11e8-9ace-096248556f62] - page.onError - msg: TypeError: undefined is not an object (evaluating 'F.length')
[ERROR - 2018-08-24T20:50:36.665Z] Session [4a359010-a7df-11e8-9ace-096248556f62] - page.onError - stack:
  initiateGroups (https://patentscope.wipo.int/search/org.richfaces.resources/javax.faces.resource/org.richfaces.staticResource/4.5.5.Final/PackedCompressed/packed/packed.js:10370)
[ERROR - 2018-08-24T20:50:36.676Z] Session [4a359010-a7df-11e8-9ace-096248556f62] - page.onError - msg: TypeError: 7 is not a function (evaluating '7')
[ERROR - 2018-08-24T20:50:36.676Z] Session [4a359010-a7df-11e8-9ace-096248556f62] - page.onError - stack:
  global code (https://patentscope.wipo.int/search/scripts/base64.js:8)
[ERROR - 2018-08-24T20:54:24.151Z] Session [dca6baa0-a7df-11e8-962b-13521c3fef95] - page.onError - msg: TypeError: undefined is not an object (evaluating 'F.length')
[ERROR - 2018-08-24T20:54:24.151Z] Session [dca6baa0-a7df-11e8-962b-13521c3fef95] - page.onError - stack:
  initiateGroups (https://patentscope.wipo.int/search/org.richfaces.resources/javax.faces.resource/org.richfaces.staticResource/4.5.5.Final/PackedCompressed/packed/packed.js;jsessionid=E9476AC1D7092DF0BA2A12C3F7105347.wapp2nB:10370)
[ERROR - 2018-08-24T20:54:24.154Z] Session [dca6baa0-a7df-11e8-962b-13521c3fef95] - page.onError - msg: TypeError: undefined is not an object (evaluating 'F.length')
[ERROR - 2018-08-24T20:54:24.154Z] Session [dca6baa0-a7df-11e8-962b-13521c3fef95] - page.onError - stack:
  initiateGroups (https://patentscope.wipo.int/search/org.richfaces.resources/javax.faces.resource/org.richfaces.staticResource/4.5.5.Final/PackedCompressed/packed/packed.js;jsessionid=E9476AC1D7092DF0BA2A12C3F7105347.wapp2nB:10370)
[ERROR - 2018-08-24T20:54:24.157Z] Session [dca6baa0-a7df-11e8-962b-13521c3fef95] - page.onError - msg: TypeError: undefined is not an object (evaluating 'F.length')
[ERROR - 2018-08-24T20:54:24.157Z] Session [dca6baa0-a7df-11e8-962b-13521c3fef95] - page.onError - stack:
  initiateGroups (https://patentscope.wipo.int/search/org.richfaces.resources/javax.faces.resource/org.richfaces.staticResource/4.5.5.Final/PackedCompressed/packed/packed.js;jsessionid=E9476AC1D7092DF0BA2A12C3F7105347.wapp2nB:10370)
[ERROR - 2018-08-24T20:54:24.163Z] Session [dca6baa0-a7df-11e8-962b-13521c3fef95] - page.onError - msg: TypeError: undefined is not an object (evaluating 'F.length')
[ERROR - 2018-08-24T20:54:24.163Z] Session [dca6baa0-a7df-11e8-962b-13521c3fef95] - page.onError - stack:
  initiateGroups (https://patentscope.wipo.int/search/org.richfaces.resources/javax.faces.resource/org.richfaces.staticResource/4.5.5.Final/PackedCompressed/packed/packed.js;jsessionid=E9476AC1D7092DF0BA2A12C3F7105347.wapp2nB:10370)
[ERROR - 2018-08-24T20:54:24.166Z] Session [dca6baa0-a7df-11e8-962b-13521c3fef95] - page.onError - msg: TypeError: undefined is not an object (evaluating 'F.length')
[ERROR - 2018-08-24T20:54:24.166Z] Session [dca6baa0-a7df-11e8-962b-13521c3fef95] - page.onError - stack:
  initiateGroups (https://patentscope.wipo.int/search/org.richfaces.resources/javax.faces.resource/org.richfaces.staticResource/4.5.5.Final/PackedCompressed/packed/packed.js;jsessionid=E9476AC1D7092DF0BA2A12C3F7105347.wapp2nB:10370)
[ERROR - 2018-08-24T20:54:24.176Z] Session [dca6baa0-a7df-11e8-962b-13521c3fef95] - page.onError - msg: TypeError: 7 is not a function (evaluating '7')
[ERROR - 2018-08-24T20:54:24.176Z] Session [dca6baa0-a7df-11e8-962b-13521c3fef95] - page.onError - stack:
  global code (https://patentscope.wipo.int/search/scripts/base64.js:8)
[ERROR - 2018-08-24T20:54:34.126Z] Session [dca6baa0-a7df-11e8-962b-13521c3fef95] - page.onError - msg: TypeError: undefined is not a function (evaluating 'query.fmt()')
[ERROR - 2018-08-24T20:54:34.126Z] Session [dca6baa0-a7df-11e8-962b-13521c3fef95] - page.onError - stack:
  parseUserInput (https://patentscope.wipo.int/search/resources/js/lib/luceneValidator.js:1620)
  luceneAssistant (https://patentscope.wipo.int/search/resources/js/lib/luceneValidator.js:1666)
  (anonymous function) (https://patentscope.wipo.int/search/resources/js/app/main.js:50)
  dispatch (https://patentscope.wipo.int/search/org.richfaces.resources/javax.faces.resource/org.richfaces.staticResource/4.5.5.Final/PackedCompressed/org.richfaces/jquery.js:1197)
  handle (https://patentscope.wipo.int/search/org.richfaces.resources/javax.faces.resource/org.richfaces.staticResource/4.5.5.Final/PackedCompressed/org.richfaces/jquery.js:1102)
  sendEvent (:0)
  _keyEvent (phantomjs://code/inputs.js:325)
  _pressKey (phantomjs://code/inputs.js:280)
  _sendKeys (phantomjs://code/inputs.js:231)
  _postValueCommand (phantomjs://code/webelement_request_handler.js:288)
  _handle (phantomjs://code/webelement_request_handler.js:72)
  _reroute (phantomjs://code/request_handler.js:61)
  _handle (phantomjs://code/session_request_handler.js:120)
  _reroute (phantomjs://code/request_handler.js:61)
  _handle (phantomjs://code/router_request_handler.js:78)
[ERROR - 2018-08-24T20:54:34.128Z] Session [dca6baa0-a7df-11e8-962b-13521c3fef95] - page.onError - msg: TypeError: undefined is not a function (evaluating 'query.fmt()')
[ERROR - 2018-08-24T20:54:34.128Z] Session [dca6baa0-a7df-11e8-962b-13521c3fef95] - page.onError - stack:
  parseUserInput (https://patentscope.wipo.int/search/resources/js/lib/luceneValidator.js:1620)
  luceneAssistant (https://patentscope.wipo.int/search/resources/js/lib/luceneValidator.js:1666)
  (anonymous function) (https://patentscope.wipo.int/search/resources/js/app/main.js:50)
  dispatch (https://patentscope.wipo.int/search/org.richfaces.resources/javax.faces.resource/org.richfaces.staticResource/4.5.5.Final/PackedCompressed/org.richfaces/jquery.js:1197)
  handle (https://patentscope.wipo.int/search/org.richfaces.resources/javax.faces.resource/org.richfaces.staticResource/4.5.5.Final/PackedCompressed/org.richfaces/jquery.js:1102)
  sendEvent (:0)
  _keyEvent (phantomjs://code/inputs.js:325)
  _pressKey (phantomjs://code/inputs.js:280)
  _sendKeys (phantomjs://code/inputs.js:231)
  _postValueCommand (phantomjs://code/webelement_request_handler.js:288)
  _handle (phantomjs://code/webelement_request_handler.js:72)
  _reroute (phantomjs://code/request_handler.js:61)
  _handle (phantomjs://code/session_request_handler.js:120)
  _reroute (phantomjs://code/request_handler.js:61)
  _handle (phantomjs://code/router_request_handler.js:78)
[ERROR - 2018-08-24T20:54:34.130Z] Session [dca6baa0-a7df-11e8-962b-13521c3fef95] - page.onError - msg: TypeError: undefined is not a function (evaluating 'query.fmt()')
[ERROR - 2018-08-24T20:54:34.130Z] Session [dca6baa0-a7df-11e8-962b-13521c3fef95] - page.onError - stack:
  parseUserInput (https://patentscope.wipo.int/search/resources/js/lib/luceneValidator.js:1620)
  luceneAssistant (https://patentscope.wipo.int/search/resources/js/lib/luceneValidator.js:1666)
  (anonymous function) (https://patentscope.wipo.int/search/resources/js/app/main.js:50)
  dispatch (https://patentscope.wipo.int/search/org.richfaces.resources/javax.faces.resource/org.richfaces.staticResource/4.5.5.Final/PackedCompressed/org.richfaces/jquery.js:1197)
  handle (https://patentscope.wipo.int/search/org.richfaces.resources/javax.faces.resource/org.richfaces.staticResource/4.5.5.Final/PackedCompressed/org.richfaces/jquery.js:1102)
  sendEvent (:0)
  _keyEvent (phantomjs://code/inputs.js:325)
  _pressKey (phantomjs://code/inputs.js:280)
  _sendKeys (phantomjs://code/inputs.js:231)
  _postValueCommand (phantomjs://code/webelement_request_handler.js:288)
  _handle (phantomjs://code/webelement_request_handler.js:72)
  _reroute (phantomjs://code/request_handler.js:61)
  _handle (phantomjs://code/session_request_handler.js:120)
  _reroute (phantomjs://code/request_handler.js:61)
  _handle (phantomjs://code/router_request_handler.js:78)
[ERROR - 2018-08-24T20:54:34.134Z] Session [dca6baa0-a7df-11e8-962b-13521c3fef95] - page.onError - msg: TypeError: undefined is not a function (evaluating 'query.fmt()')
[ERROR - 2018-08-24T20:54:34.134Z] Session [dca6baa0-a7df-11e8-962b-13521c3fef95] - page.onError - stack:
  parseUserInput (https://patentscope.wipo.int/search/resources/js/lib/luceneValidator.js:1620)
  luceneAssistant (https://patentscope.wipo.int/search/resources/js/lib/luceneValidator.js:1666)
  (anonymous function) (https://patentscope.wipo.int/search/resources/js/app/main.js:50)
  dispatch (https://patentscope.wipo.int/search/org.richfaces.resources/javax.faces.resource/org.richfaces.staticResource/4.5.5.Final/PackedCompressed/org.richfaces/jquery.js:1197)
  handle (https://patentscope.wipo.int/search/org.richfaces.resources/javax.faces.resource/org.richfaces.staticResource/4.5.5.Final/PackedCompressed/org.richfaces/jquery.js:1102)
  sendEvent (:0)
  _keyEvent (phantomjs://code/inputs.js:325)
  _pressKey (phantomjs://code/inputs.js:280)
  _sendKeys (phantomjs://code/inputs.js:231)
  _postValueCommand (phantomjs://code/webelement_request_handler.js:288)
  _handle (phantomjs://code/webelement_request_handler.js:72)
  _reroute (phantomjs://code/request_handler.js:61)
  _handle (phantomjs://code/session_request_handler.js:120)
  _reroute (phantomjs://code/request_handler.js:61)
  _handle (phantomjs://code/router_request_handler.js:78)
[ERROR - 2018-08-24T20:54:34.136Z] Session [dca6baa0-a7df-11e8-962b-13521c3fef95] - page.onError - msg: TypeError: undefined is not a function (evaluating 'query.fmt()')
[ERROR - 2018-08-24T20:54:34.137Z] Session [dca6baa0-a7df-11e8-962b-13521c3fef95] - page.onError - stack:
  parseUserInput (https://patentscope.wipo.int/search/resources/js/lib/luceneValidator.js:1620)
  luceneAssistant (https://patentscope.wipo.int/search/resources/js/lib/luceneValidator.js:1666)
  (anonymous function) (https://patentscope.wipo.int/search/resources/js/app/main.js:50)
  dispatch (https://patentscope.wipo.int/search/org.richfaces.resources/javax.faces.resource/org.richfaces.staticResource/4.5.5.Final/PackedCompressed/org.richfaces/jquery.js:1197)
  handle (https://patentscope.wipo.int/search/org.richfaces.resources/javax.faces.resource/org.richfaces.staticResource/4.5.5.Final/PackedCompressed/org.richfaces/jquery.js:1102)
  sendEvent (:0)
  _keyEvent (phantomjs://code/inputs.js:325)
  _pressKey (phantomjs://code/inputs.js:280)
  _sendKeys (phantomjs://code/inputs.js:231)
  _postValueCommand (phantomjs://code/webelement_request_handler.js:288)
  _handle (phantomjs://code/webelement_request_handler.js:72)
  _reroute (phantomjs://code/request_handler.js:61)
  _handle (phantomjs://code/session_request_handler.js:120)
  _reroute (phantomjs://code/request_handler.js:61)
  _handle (phantomjs://code/router_request_handler.js:78)
[ERROR - 2018-08-24T20:54:34.139Z] Session [dca6baa0-a7df-11e8-962b-13521c3fef95] - page.onError - msg: TypeError: undefined is not a function (evaluating 'query.fmt()')
[ERROR - 2018-08-24T20:54:34.139Z] Session [dca6baa0-a7df-11e8-962b-13521c3fef95] - page.onError - stack:
  parseUserInput (https://patentscope.wipo.int/search/resources/js/lib/luceneValidator.js:1620)
  luceneAssistant (https://patentscope.wipo.int/search/resources/js/lib/luceneValidator.js:1666)
  (anonymous function) (https://patentscope.wipo.int/search/resources/js/app/main.js:50)
  dispatch (https://patentscope.wipo.int/search/org.richfaces.resources/javax.faces.resource/org.richfaces.staticResource/4.5.5.Final/PackedCompressed/org.richfaces/jquery.js:1197)
  handle (https://patentscope.wipo.int/search/org.richfaces.resources/javax.faces.resource/org.richfaces.staticResource/4.5.5.Final/PackedCompressed/org.richfaces/jquery.js:1102)
  sendEvent (:0)
  _keyEvent (phantomjs://code/inputs.js:325)
  _pressKey (phantomjs://code/inputs.js:280)
  _sendKeys (phantomjs://code/inputs.js:231)
  _postValueCommand (phantomjs://code/webelement_request_handler.js:288)
  _handle (phantomjs://code/webelement_request_handler.js:72)
  _reroute (phantomjs://code/request_handler.js:61)
  _handle (phantomjs://code/session_request_handler.js:120)
  _reroute (phantomjs://code/request_handler.js:61)
  _handle (phantomjs://code/router_request_handler.js:78)
[ERROR - 2018-08-24T20:54:34.140Z] Session [dca6baa0-a7df-11e8-962b-13521c3fef95] - page.onError - msg: TypeError: undefined is not a function (evaluating 'query.fmt()')
[ERROR - 2018-08-24T20:54:34.140Z] Session [dca6baa0-a7df-11e8-962b-13521c3fef95] - page.onError - stack:
  parseUserInput (https://patentscope.wipo.int/search/resources/js/lib/luceneValidator.js:1620)
  luceneAssistant (https://patentscope.wipo.int/search/resources/js/lib/luceneValidator.js:1666)
  (anonymous function) (https://patentscope.wipo.int/search/resources/js/app/main.js:50)
  dispatch (https://patentscope.wipo.int/search/org.richfaces.resources/javax.faces.resource/org.richfaces.staticResource/4.5.5.Final/PackedCompressed/org.richfaces/jquery.js:1197)
  handle (https://patentscope.wipo.int/search/org.richfaces.resources/javax.faces.resource/org.richfaces.staticResource/4.5.5.Final/PackedCompressed/org.richfaces/jquery.js:1102)
  sendEvent (:0)
  _keyEvent (phantomjs://code/inputs.js:325)
  _pressKey (phantomjs://code/inputs.js:280)
  _sendKeys (phantomjs://code/inputs.js:231)
  _postValueCommand (phantomjs://code/webelement_request_handler.js:288)
  _handle (phantomjs://code/webelement_request_handler.js:72)
  _reroute (phantomjs://code/request_handler.js:61)
  _handle (phantomjs://code/session_request_handler.js:120)
  _reroute (phantomjs://code/request_handler.js:61)
  _handle (phantomjs://code/router_request_handler.js:78)
[ERROR - 2018-08-24T20:54:34.142Z] Session [dca6baa0-a7df-11e8-962b-13521c3fef95] - page.onError - msg: TypeError: undefined is not a function (evaluating 'query.fmt()')
[ERROR - 2018-08-24T20:54:34.142Z] Session [dca6baa0-a7df-11e8-962b-13521c3fef95] - page.onError - stack:
  parseUserInput (https://patentscope.wipo.int/search/resources/js/lib/luceneValidator.js:1620)
  luceneAssistant (https://patentscope.wipo.int/search/resources/js/lib/luceneValidator.js:1666)
  (anonymous function) (https://patentscope.wipo.int/search/resources/js/app/main.js:50)
  dispatch (https://patentscope.wipo.int/search/org.richfaces.resources/javax.faces.resource/org.richfaces.staticResource/4.5.5.Final/PackedCompressed/org.richfaces/jquery.js:1197)
  handle (https://patentscope.wipo.int/search/org.richfaces.resources/javax.faces.resource/org.richfaces.staticResource/4.5.5.Final/PackedCompressed/org.richfaces/jquery.js:1102)
  sendEvent (:0)
  _keyEvent (phantomjs://code/inputs.js:325)
  _pressKey (phantomjs://code/inputs.js:280)
  _sendKeys (phantomjs://code/inputs.js:231)
  _postValueCommand (phantomjs://code/webelement_request_handler.js:288)
  _handle (phantomjs://code/webelement_request_handler.js:72)
  _reroute (phantomjs://code/request_handler.js:61)
  _handle (phantomjs://code/session_request_handler.js:120)
  _reroute (phantomjs://code/request_handler.js:61)
  _handle (phantomjs://code/router_request_handler.js:78)
[ERROR - 2018-08-24T20:54:34.143Z] Session [dca6baa0-a7df-11e8-962b-13521c3fef95] - page.onError - msg: TypeError: undefined is not a function (evaluating 'query.fmt()')
[ERROR - 2018-08-24T20:54:34.143Z] Session [dca6baa0-a7df-11e8-962b-13521c3fef95] - page.onError - stack:
  parseUserInput (https://patentscope.wipo.int/search/resources/js/lib/luceneValidator.js:1620)
  luceneAssistant (https://patentscope.wipo.int/search/resources/js/lib/luceneValidator.js:1666)
  (anonymous function) (https://patentscope.wipo.int/search/resources/js/app/main.js:50)
  dispatch (https://patentscope.wipo.int/search/org.richfaces.resources/javax.faces.resource/org.richfaces.staticResource/4.5.5.Final/PackedCompressed/org.richfaces/jquery.js:1197)
  handle (https://patentscope.wipo.int/search/org.richfaces.resources/javax.faces.resource/org.richfaces.staticResource/4.5.5.Final/PackedCompressed/org.richfaces/jquery.js:1102)
  sendEvent (:0)
  _keyEvent (phantomjs://code/inputs.js:325)
  _pressKey (phantomjs://code/inputs.js:280)
  _sendKeys (phantomjs://code/inputs.js:231)
  _postValueCommand (phantomjs://code/webelement_request_handler.js:288)
  _handle (phantomjs://code/webelement_request_handler.js:72)
  _reroute (phantomjs://code/request_handler.js:61)
  _handle (phantomjs://code/session_request_handler.js:120)
  _reroute (phantomjs://code/request_handler.js:61)
  _handle (phantomjs://code/router_request_handler.js:78)
[ERROR - 2018-08-24T20:54:34.144Z] Session [dca6baa0-a7df-11e8-962b-13521c3fef95] - page.onError - msg: TypeError: undefined is not a function (evaluating 'query.fmt()')
[ERROR - 2018-08-24T20:54:34.144Z] Session [dca6baa0-a7df-11e8-962b-13521c3fef95] - page.onError - stack:
  parseUserInput (https://patentscope.wipo.int/search/resources/js/lib/luceneValidator.js:1620)
  luceneAssistant (https://patentscope.wipo.int/search/resources/js/lib/luceneValidator.js:1666)
  (anonymous function) (https://patentscope.wipo.int/search/resources/js/app/main.js:50)
  dispatch (https://patentscope.wipo.int/search/org.richfaces.resources/javax.faces.resource/org.richfaces.staticResource/4.5.5.Final/PackedCompressed/org.richfaces/jquery.js:1197)
  handle (https://patentscope.wipo.int/search/org.richfaces.resources/javax.faces.resource/org.richfaces.staticResource/4.5.5.Final/PackedCompressed/org.richfaces/jquery.js:1102)
  sendEvent (:0)
  _keyEvent (phantomjs://code/inputs.js:325)
  _pressKey (phantomjs://code/inputs.js:280)
  _sendKeys (phantomjs://code/inputs.js:231)
  _postValueCommand (phantomjs://code/webelement_request_handler.js:288)
  _handle (phantomjs://code/webelement_request_handler.js:72)
  _reroute (phantomjs://code/request_handler.js:61)
  _handle (phantomjs://code/session_request_handler.js:120)
  _reroute (phantomjs://code/request_handler.js:61)
  _handle (phantomjs://code/router_request_handler.js:78)
[ERROR - 2018-08-24T20:54:34.145Z] Session [dca6baa0-a7df-11e8-962b-13521c3fef95] - page.onError - msg: TypeError: undefined is not a function (evaluating 'query.fmt()')
[ERROR - 2018-08-24T20:54:34.145Z] Session [dca6baa0-a7df-11e8-962b-13521c3fef95] - page.onError - stack:
  parseUserInput (https://patentscope.wipo.int/search/resources/js/lib/luceneValidator.js:1620)
  luceneAssistant (https://patentscope.wipo.int/search/resources/js/lib/luceneValidator.js:1666)
  (anonymous function) (https://patentscope.wipo.int/search/resources/js/app/main.js:50)
  dispatch (https://patentscope.wipo.int/search/org.richfaces.resources/javax.faces.resource/org.richfaces.staticResource/4.5.5.Final/PackedCompressed/org.richfaces/jquery.js:1197)
  handle (https://patentscope.wipo.int/search/org.richfaces.resources/javax.faces.resource/org.richfaces.staticResource/4.5.5.Final/PackedCompressed/org.richfaces/jquery.js:1102)
  sendEvent (:0)
  _keyEvent (phantomjs://code/inputs.js:325)
  _pressKey (phantomjs://code/inputs.js:280)
  _sendKeys (phantomjs://code/inputs.js:231)
  _postValueCommand (phantomjs://code/webelement_request_handler.js:288)
  _handle (phantomjs://code/webelement_request_handler.js:72)
  _reroute (phantomjs://code/request_handler.js:61)
  _handle (phantomjs://code/session_request_handler.js:120)
  _reroute (phantomjs://code/request_handler.js:61)
  _handle (phantomjs://code/router_request_handler.js:78)
[ERROR - 2018-08-24T20:54:34.147Z] Session [dca6baa0-a7df-11e8-962b-13521c3fef95] - page.onError - msg: TypeError: undefined is not a function (evaluating 'query.fmt()')
[ERROR - 2018-08-24T20:54:34.147Z] Session [dca6baa0-a7df-11e8-962b-13521c3fef95] - page.onError - stack:
  parseUserInput (https://patentscope.wipo.int/search/resources/js/lib/luceneValidator.js:1620)
  luceneAssistant (https://patentscope.wipo.int/search/resources/js/lib/luceneValidator.js:1666)
  (anonymous function) (https://patentscope.wipo.int/search/resources/js/app/main.js:50)
  dispatch (https://patentscope.wipo.int/search/org.richfaces.resources/javax.faces.resource/org.richfaces.staticResource/4.5.5.Final/PackedCompressed/org.richfaces/jquery.js:1197)
  handle (https://patentscope.wipo.int/search/org.richfaces.resources/javax.faces.resource/org.richfaces.staticResource/4.5.5.Final/PackedCompressed/org.richfaces/jquery.js:1102)
  sendEvent (:0)
  _keyEvent (phantomjs://code/inputs.js:325)
  _pressKey (phantomjs://code/inputs.js:280)
  _sendKeys (phantomjs://code/inputs.js:231)
  _postValueCommand (phantomjs://code/webelement_request_handler.js:288)
  _handle (phantomjs://code/webelement_request_handler.js:72)
  _reroute (phantomjs://code/request_handler.js:61)
  _handle (phantomjs://code/session_request_handler.js:120)
  _reroute (phantomjs://code/request_handler.js:61)
  _handle (phantomjs://code/router_request_handler.js:78)
[ERROR - 2018-08-24T20:54:34.148Z] Session [dca6baa0-a7df-11e8-962b-13521c3fef95] - page.onError - msg: TypeError: undefined is not a function (evaluating 'query.fmt()')
[ERROR - 2018-08-24T20:54:34.148Z] Session [dca6baa0-a7df-11e8-962b-13521c3fef95] - page.onError - stack:
  parseUserInput (https://patentscope.wipo.int/search/resources/js/lib/luceneValidator.js:1620)
  luceneAssistant (https://patentscope.wipo.int/search/resources/js/lib/luceneValidator.js:1666)
  (anonymous function) (https://patentscope.wipo.int/search/resources/js/app/main.js:50)
  dispatch (https://patentscope.wipo.int/search/org.richfaces.resources/javax.faces.resource/org.richfaces.staticResource/4.5.5.Final/PackedCompressed/org.richfaces/jquery.js:1197)
  handle (https://patentscope.wipo.int/search/org.richfaces.resources/javax.faces.resource/org.richfaces.staticResource/4.5.5.Final/PackedCompressed/org.richfaces/jquery.js:1102)
  sendEvent (:0)
  _keyEvent (phantomjs://code/inputs.js:325)
  _pressKey (phantomjs://code/inputs.js:280)
  _sendKeys (phantomjs://code/inputs.js:231)
  _postValueCommand (phantomjs://code/webelement_request_handler.js:288)
  _handle (phantomjs://code/webelement_request_handler.js:72)
  _reroute (phantomjs://code/request_handler.js:61)
  _handle (phantomjs://code/session_request_handler.js:120)
  _reroute (phantomjs://code/request_handler.js:61)
  _handle (phantomjs://code/router_request_handler.js:78)
[ERROR - 2018-08-24T20:54:39.212Z] Session [dca6baa0-a7df-11e8-962b-13521c3fef95] - page.onError - msg: TypeError: undefined is not an object (evaluating 'F.length')
[ERROR - 2018-08-24T20:54:39.213Z] Session [dca6baa0-a7df-11e8-962b-13521c3fef95] - page.onError - stack:
  initiateGroups (https://patentscope.wipo.int/search/org.richfaces.resources/javax.faces.resource/org.richfaces.staticResource/4.5.5.Final/PackedCompressed/packed/packed.js:10370)
[ERROR - 2018-08-24T20:54:39.215Z] Session [dca6baa0-a7df-11e8-962b-13521c3fef95] - page.onError - msg: TypeError: undefined is not an object (evaluating 'F.length')
[ERROR - 2018-08-24T20:54:39.215Z] Session [dca6baa0-a7df-11e8-962b-13521c3fef95] - page.onError - stack:
  initiateGroups (https://patentscope.wipo.int/search/org.richfaces.resources/javax.faces.resource/org.richfaces.staticResource/4.5.5.Final/PackedCompressed/packed/packed.js:10370)
[ERROR - 2018-08-24T20:54:39.217Z] Session [dca6baa0-a7df-11e8-962b-13521c3fef95] - page.onError - msg: TypeError: undefined is not an object (evaluating 'F.length')
[ERROR - 2018-08-24T20:54:39.217Z] Session [dca6baa0-a7df-11e8-962b-13521c3fef95] - page.onError - stack:
  initiateGroups (https://patentscope.wipo.int/search/org.richfaces.resources/javax.faces.resource/org.richfaces.staticResource/4.5.5.Final/PackedCompressed/packed/packed.js:10370)
[ERROR - 2018-08-24T20:54:39.222Z] Session [dca6baa0-a7df-11e8-962b-13521c3fef95] - page.onError - msg: TypeError: undefined is not an object (evaluating 'F.length')
[ERROR - 2018-08-24T20:54:39.222Z] Session [dca6baa0-a7df-11e8-962b-13521c3fef95] - page.onError - stack:
  initiateGroups (https://patentscope.wipo.int/search/org.richfaces.resources/javax.faces.resource/org.richfaces.staticResource/4.5.5.Final/PackedCompressed/packed/packed.js:10370)
[ERROR - 2018-08-24T20:54:39.224Z] Session [dca6baa0-a7df-11e8-962b-13521c3fef95] - page.onError - msg: TypeError: undefined is not an object (evaluating 'F.length')
[ERROR - 2018-08-24T20:54:39.224Z] Session [dca6baa0-a7df-11e8-962b-13521c3fef95] - page.onError - stack:
  initiateGroups (https://patentscope.wipo.int/search/org.richfaces.resources/javax.faces.resource/org.richfaces.staticResource/4.5.5.Final/PackedCompressed/packed/packed.js:10370)
[ERROR - 2018-08-24T20:54:39.232Z] Session [dca6baa0-a7df-11e8-962b-13521c3fef95] - page.onError - msg: TypeError: 7 is not a function (evaluating '7')
[ERROR - 2018-08-24T20:54:39.232Z] Session [dca6baa0-a7df-11e8-962b-13521c3fef95] - page.onError - stack:
  global code (https://patentscope.wipo.int/search/scripts/base64.js:8)
